=== RATIO CROSS-CHECK ANOMALIES LOG ===
Analyzing 92 companies for their latest full financial year.

Financial companies in broad_sector (Total 23):
AXISBANK, BAJAJFINSV, BAJAJHLDNG, BAJFINANCE, BANKBARODA, CANBK, CHOLAFIN, HDFCBANK, HDFCLIFE, ICICIBANK, ICICIGI, ICICIPRULI, INDUSINDBK, IRFC, JIOFIN, KOTAKBANK, LICI, PFC, PNB, RECLTD, SBILIFE, SBIN, SHRIRAMFIN

--- 1. Debt-to-Equity Validation ---
[WARNING] ADANIENSOL (Energy) has high leverage D/E = 2.93!
[WARNING] ADANIGREEN (Energy) has high leverage D/E = 6.60!
[WARNING] BHARTIARTL (Communication Services) has high leverage D/E = 2.61!
[WARNING] TVSMOTOR (Consumer Discretionary) has high leverage D/E = 3.83!

--- 2. ROCE Cross-Check (Difference > 5%) ---
[ROCE ANOMALY] Company: ADANIGREEN
  Calculated ROCE: 8.94% (Year: 2024-03)
  Source ROCE: 96.50%
  Absolute Difference: 87.56%
[ROCE ANOMALY] Company: ASIANPAINT
  Calculated ROCE: 35.62% (Year: 2024-03)
  Source ROCE: 41.75%
  Absolute Difference: 6.13%
[ROCE ANOMALY] Company: BAJAJFINSV
  Calculated ROCE: 11.45% (Year: 2024-03)
  Source ROCE: 21.14%
  Absolute Difference: 9.69%
[ROCE ANOMALY] Company: BAJFINANCE
  Calculated ROCE: 5.22% (Year: 2024-03)
  Source ROCE: 11.90%
  Absolute Difference: 6.68%
[ROCE ANOMALY] Company: BEL
  Calculated ROCE: 4155.91% (Year: 2024-03)
  Source ROCE: 34.60%
  Absolute Difference: 4121.31%
[ROCE ANOMALY] Company: BOSCHLTD
  Calculated ROCE: 26.70% (Year: 2024-03)
  Source ROCE: 20.60%
  Absolute Difference: 6.10%
[ROCE ANOMALY] Company: CHOLAFIN
  Calculated ROCE: 3.15% (Year: 2024-03)
  Source ROCE: 10.40%
  Absolute Difference: 7.25%
[ROCE ANOMALY] Company: GODREJCP
  Calculated ROCE: 3.21% (Year: 2024-03)
  Source ROCE: 26.49%
  Absolute Difference: 23.28%
[ROCE ANOMALY] Company: HAL
  Calculated ROCE: 3180.75% (Year: 2024-03)
  Source ROCE: 38.90%
  Absolute Difference: 3141.85%
[ROCE ANOMALY] Company: ICICIPRULI
  Calculated ROCE: 32.76% (Year: 2024-03)
  Source ROCE: 8.75%
  Absolute Difference: 24.01%
[ROCE ANOMALY] Company: INDIGO
  Calculated ROCE: 1112.55% (Year: 2024-03)
  Source ROCE: 24.50%
  Absolute Difference: 1088.05%
[ROCE ANOMALY] Company: IRCTC
  Calculated ROCE: 46.05% (Year: 2024-03)
  Source ROCE: 53.80%
  Absolute Difference: 7.75%
[ROCE ANOMALY] Company: LICI
  Calculated ROCE: 56.97% (Year: 2024-03)
  Source ROCE: 63.79%
  Absolute Difference: 6.82%
[ROCE ANOMALY] Company: LT
  Calculated ROCE: 135.95% (Year: 2024-03)
  Source ROCE: 17.18%
  Absolute Difference: 118.77%
[ROCE ANOMALY] Company: LTIM
  Calculated ROCE: 28.39% (Year: 2024-03)
  Source ROCE: 34.10%
  Absolute Difference: 5.71%
[ROCE ANOMALY] Company: M&M
  Calculated ROCE: 13.42% (Year: 2024-03)
  Source ROCE: 26.98%
  Absolute Difference: 13.56%
[ROCE ANOMALY] Company: NESTLEIND
  Calculated ROCE: 147.46% (Year: 2024-03)
  Source ROCE: 185.43%
  Absolute Difference: 37.97%
[ROCE ANOMALY] Company: PNB
  Calculated ROCE: 118.22% (Year: 2024-03)
  Source ROCE: 1.63%
  Absolute Difference: 116.59%
[ROCE ANOMALY] Company: TRENT
  Calculated ROCE: 39.32% (Year: 2024-03)
  Source ROCE: 23.80%
  Absolute Difference: 15.52%
Total ROCE Anomalies: 19

--- 3. ROE Cross-Check (Difference > 5%) ---
[ROE ANOMALY] Company: ADANIENT
  Calculated ROE: 8.53% (Year: 2024-03)
  Source ROE: 13.64%
  Absolute Difference: 5.11%
[ROE ANOMALY] Company: ADANIPOWER
  Calculated ROE: 48.28% (Year: 2024-03)
  Source ROE: 57.10%
  Absolute Difference: 8.82%
[ROE ANOMALY] Company: BAJAJFINSV
  Calculated ROE: 25.85% (Year: 2024-03)
  Source ROE: 11.72%
  Absolute Difference: 14.13%
[ROE ANOMALY] Company: BEL
  Calculated ROE: 4744.05% (Year: 2024-03)
  Source ROE: 26.30%
  Absolute Difference: 4717.75%
[ROE ANOMALY] Company: BPCL
  Calculated ROE: 35.51% (Year: 2024-03)
  Source ROE: 41.90%
  Absolute Difference: 6.39%
[ROE ANOMALY] Company: COALINDIA
  Calculated ROE: 45.17% (Year: 2024-03)
  Source ROE: 52.00%
  Absolute Difference: 6.83%
[ROE ANOMALY] Company: GODREJCP
  Calculated ROE: -4.45% (Year: 2024-03)
  Source ROE: 6.77%
  Absolute Difference: 11.22%
[ROE ANOMALY] Company: HAL
  Calculated ROE: 3816.58% (Year: 2024-03)
  Source ROE: 28.90%
  Absolute Difference: 3787.68%
[ROE ANOMALY] Company: IRCTC
  Calculated ROE: 34.40% (Year: 2024-03)
  Source ROE: 40.40%
  Absolute Difference: 6.00%
[ROE ANOMALY] Company: LICI
  Calculated ROE: 49.45% (Year: 2024-03)
  Source ROE: 63.61%
  Absolute Difference: 14.16%
[ROE ANOMALY] Company: LT
  Calculated ROE: 77.67% (Year: 2024-03)
  Source ROE: 10.49%
  Absolute Difference: 67.18%
[ROE ANOMALY] Company: NESTLEIND
  Calculated ROE: 117.75% (Year: 2024-03)
  Source ROE: 135.61%
  Absolute Difference: 17.86%
[ROE ANOMALY] Company: PFC
  Calculated ROE: 26.16% (Year: 2024-03)
  Source ROE: 19.49%
  Absolute Difference: 6.67%
[ROE ANOMALY] Company: PNB
  Calculated ROE: 61.32% (Year: 2024-03)
  Source ROE: 8.70%
  Absolute Difference: 52.62%
[ROE ANOMALY] Company: TATAMOTORS
  Calculated ROE: 37.46% (Year: 2024-03)
  Source ROE: 49.40%
  Absolute Difference: 11.94%
[ROE ANOMALY] Company: TATASTEEL
  Calculated ROE: -5.33% (Year: 2024-03)
  Source ROE: 6.55%
  Absolute Difference: 11.88%
[ROE ANOMALY] Company: TCS
  Calculated ROE: 50.94% (Year: 2024-03)
  Source ROE: 0.52%
  Absolute Difference: 50.42%
[ROE ANOMALY] Company: TRENT
  Calculated ROE: 36.31% (Year: 2024-03)
  Source ROE: 27.20%
  Absolute Difference: 9.11%
Total ROE Anomalies: 18
